<?xml version="1.0" encoding="UTF-8"?>
<testsuite name="D:\idea-workspace\TestDemo"
           tests="4"
           failures="1"
           errors="0"
           skipped="3"
           time="-3106012643.380">
  <properties />
            <testcase name="appiumStart" time="1.655" classname="AndroidTest.TestDemo.TestNgDemo">
                <failure type="org.openqa.selenium.WebDriverException"
                  message="Connection refused: connect
Build info: version: &apos;3.141.59&apos;, revision: &apos;e82be7d358&apos;, time: &apos;2018-11-14T08:17:03&apos;
System info: host: &apos;DESKTOP-UKNK92G&apos;, ip: &apos;192.168.65.2&apos;, os.name: &apos;Windows 10&apos;, os.arch: &apos;amd64&apos;, os.version: &apos;10.0&apos;, java.version: &apos;1.8.0_181&apos;
Driver info: driver.version: AndroidDriver"
              >
<![CDATA[org.openqa.selenium.WebDriverException: Connection refused: connect
Build info: version: '3.141.59', revision: 'e82be7d358', time: '2018-11-14T08:17:03'
System info: host: 'DESKTOP-UKNK92G', ip: '192.168.65.2', os.name: 'Windows 10', os.arch: 'amd64', os.version: '10.0', java.version: '1.8.0_181'
Driver info: driver.version: AndroidDriver
  io.appium.java_client.remote.AppiumCommandExecutor.lambda$5(AppiumCommandExecutor.java:251)
  java.util.Optional.orElseGet(Optional.java:267)
  io.appium.java_client.remote.AppiumCommandExecutor.execute(AppiumCommandExecutor.java:250)
  org.openqa.selenium.remote.RemoteWebDriver.execute(RemoteWebDriver.java:552)
  io.appium.java_client.DefaultGenericMobileDriver.execute(DefaultGenericMobileDriver.java:42)
  io.appium.java_client.AppiumDriver.execute(AppiumDriver.java:1)
  io.appium.java_client.android.AndroidDriver.execute(AndroidDriver.java:1)
  org.openqa.selenium.remote.RemoteWebDriver.startSession(RemoteWebDriver.java:213)
  org.openqa.selenium.remote.RemoteWebDriver.<init>(RemoteWebDriver.java:131)
  io.appium.java_client.DefaultGenericMobileDriver.<init>(DefaultGenericMobileDriver.java:38)
  io.appium.java_client.AppiumDriver.<init>(AppiumDriver.java:84)
  io.appium.java_client.AppiumDriver.<init>(AppiumDriver.java:94)
  io.appium.java_client.android.AndroidDriver.<init>(AndroidDriver.java:95)
  AndroidTest.base.InitAppium.appiumStart(InitAppium.java:27)
  sun.reflect.NativeMethodAccessorImpl.invoke0(Native Method)
  sun.reflect.NativeMethodAccessorImpl.invoke(NativeMethodAccessorImpl.java:62)
  sun.reflect.DelegatingMethodAccessorImpl.invoke(DelegatingMethodAccessorImpl.java:43)
  java.lang.reflect.Method.invoke(Method.java:498)
  org.testng.internal.MethodInvocationHelper.invokeMethod(MethodInvocationHelper.java:131)
  org.testng.internal.MethodInvocationHelper.invokeMethodConsideringTimeout(MethodInvocationHelper.java:61)
  org.testng.internal.ConfigInvoker.invokeConfigurationMethod(ConfigInvoker.java:340)
  org.testng.internal.ConfigInvoker.invokeConfigurations(ConfigInvoker.java:294)
  org.testng.SuiteRunner.privateRun(SuiteRunner.java:345)
  org.testng.SuiteRunner.run(SuiteRunner.java:304)
  org.testng.SuiteRunnerWorker.runSuite(SuiteRunnerWorker.java:53)
  org.testng.SuiteRunnerWorker.run(SuiteRunnerWorker.java:96)
  org.testng.TestNG.runSuitesSequentially(TestNG.java:1146)
  org.testng.TestNG.runSuitesLocally(TestNG.java:1067)
  org.testng.TestNG.runSuites(TestNG.java:997)
  org.testng.TestNG.run(TestNG.java:965)
  org.testng.IDEARemoteTestNG.run(IDEARemoteTestNG.java:73)
  org.testng.RemoteTestNGStarter.main(RemoteTestNGStarter.java:123)
Caused by: java.net.ConnectException: Connection refused: connect
  java.net.DualStackPlainSocketImpl.waitForConnect(Native Method)
  java.net.DualStackPlainSocketImpl.socketConnect(DualStackPlainSocketImpl.java:85)
  java.net.AbstractPlainSocketImpl.doConnect(AbstractPlainSocketImpl.java:350)
  java.net.AbstractPlainSocketImpl.connectToAddress(AbstractPlainSocketImpl.java:206)
  java.net.AbstractPlainSocketImpl.connect(AbstractPlainSocketImpl.java:188)
  java.net.PlainSocketImpl.connect(PlainSocketImpl.java:172)
  java.net.SocksSocketImpl.connect(SocksSocketImpl.java:392)
  java.net.Socket.connect(Socket.java:589)
  okhttp3.internal.platform.Platform.connectSocket(Platform.java:129)
  okhttp3.internal.connection.RealConnection.connectSocket(RealConnection.java:245)
  okhttp3.internal.connection.RealConnection.connect(RealConnection.java:165)
  okhttp3.internal.connection.StreamAllocation.findConnection(StreamAllocation.java:257)
  okhttp3.internal.connection.StreamAllocation.findHealthyConnection(StreamAllocation.java:135)
  okhttp3.internal.connection.StreamAllocation.newStream(StreamAllocation.java:114)
  okhttp3.internal.connection.ConnectInterceptor.intercept(ConnectInterceptor.java:42)
  okhttp3.internal.http.RealInterceptorChain.proceed(RealInterceptorChain.java:147)
  okhttp3.internal.http.RealInterceptorChain.proceed(RealInterceptorChain.java:121)
  okhttp3.internal.cache.CacheInterceptor.intercept(CacheInterceptor.java:93)
  okhttp3.internal.http.RealInterceptorChain.proceed(RealInterceptorChain.java:147)
  okhttp3.internal.http.RealInterceptorChain.proceed(RealInterceptorChain.java:121)
  okhttp3.internal.http.BridgeInterceptor.intercept(BridgeInterceptor.java:93)
  okhttp3.internal.http.RealInterceptorChain.proceed(RealInterceptorChain.java:147)
  okhttp3.internal.http.RetryAndFollowUpInterceptor.intercept(RetryAndFollowUpInterceptor.java:126)
  okhttp3.internal.http.RealInterceptorChain.proceed(RealInterceptorChain.java:147)
  okhttp3.internal.http.RealInterceptorChain.proceed(RealInterceptorChain.java:121)
  okhttp3.RealCall.getResponseWithInterceptorChain(RealCall.java:200)
  okhttp3.RealCall.execute(RealCall.java:77)
  org.openqa.selenium.remote.internal.OkHttpClient.execute(OkHttpClient.java:103)
  org.openqa.selenium.remote.ProtocolHandshake.createSession(ProtocolHandshake.java:105)
  sun.reflect.NativeMethodAccessorImpl.invoke0(Native Method)
  sun.reflect.NativeMethodAccessorImpl.invoke(NativeMethodAccessorImpl.java:62)
  sun.reflect.DelegatingMethodAccessorImpl.invoke(DelegatingMethodAccessorImpl.java:43)
  java.lang.reflect.Method.invoke(Method.java:498)
  io.appium.java_client.remote.AppiumCommandExecutor$1.createSession(AppiumCommandExecutor.java:186)
  io.appium.java_client.remote.AppiumCommandExecutor.createSession(AppiumCommandExecutor.java:217)
  io.appium.java_client.remote.AppiumCommandExecutor.execute(AppiumCommandExecutor.java:239)
  org.openqa.selenium.remote.RemoteWebDriver.execute(RemoteWebDriver.java:552)
  io.appium.java_client.DefaultGenericMobileDriver.execute(DefaultGenericMobileDriver.java:42)
  io.appium.java_client.AppiumDriver.execute(AppiumDriver.java:1)
  io.appium.java_client.android.AndroidDriver.execute(AndroidDriver.java:1)
  org.openqa.selenium.remote.RemoteWebDriver.startSession(RemoteWebDriver.java:213)
  org.openqa.selenium.remote.RemoteWebDriver.<init>(RemoteWebDriver.java:131)
  io.appium.java_client.DefaultGenericMobileDriver.<init>(DefaultGenericMobileDriver.java:38)
  io.appium.java_client.AppiumDriver.<init>(AppiumDriver.java:84)
  io.appium.java_client.AppiumDriver.<init>(AppiumDriver.java:94)
  io.appium.java_client.android.AndroidDriver.<init>(AndroidDriver.java:95)
  AndroidTest.base.InitAppium.appiumStart(InitAppium.java:27)
  sun.reflect.NativeMethodAccessorImpl.invoke0(Native Method)
  sun.reflect.NativeMethodAccessorImpl.invoke(NativeMethodAccessorImpl.java:62)
  sun.reflect.DelegatingMethodAccessorImpl.invoke(DelegatingMethodAccessorImpl.java:43)
  java.lang.reflect.Method.invoke(Method.java:498)
  org.testng.internal.MethodInvocationHelper.invokeMethod(MethodInvocationHelper.java:131)
  org.testng.internal.MethodInvocationHelper.invokeMethodConsideringTimeout(MethodInvocationHelper.java:61)
  org.testng.internal.ConfigInvoker.invokeConfigurationMethod(ConfigInvoker.java:340)
  org.testng.internal.ConfigInvoker.invokeConfigurations(ConfigInvoker.java:294)
  org.testng.SuiteRunner.privateRun(SuiteRunner.java:345)
  org.testng.SuiteRunner.run(SuiteRunner.java:304)
  org.testng.SuiteRunnerWorker.runSuite(SuiteRunnerWorker.java:53)
  org.testng.SuiteRunnerWorker.run(SuiteRunnerWorker.java:96)
  org.testng.TestNG.runSuitesSequentially(TestNG.java:1146)
  org.testng.TestNG.runSuitesLocally(TestNG.java:1067)
  org.testng.TestNG.runSuites(TestNG.java:997)
  org.testng.TestNG.run(TestNG.java:965)
  org.testng.IDEARemoteTestNG.run(IDEARemoteTestNG.java:73)
  org.testng.RemoteTestNGStarter.main(RemoteTestNGStarter.java:123)
]]>
      </failure>

          </testcase>
  
            <testcase name="appStart" time="0.0" classname="AndroidTest.TestDemo.TestNgDemo">
          <skipped />
    </testcase>
            <testcase name="stopDriver" time="0.0" classname="AndroidTest.TestDemo.TestNgDemo">
          <skipped />
    </testcase>
            <testcase name="test001" time="0.0" classname="AndroidTest.TestDemo.TestNgDemo">
          <skipped />
    </testcase>
  
  
</testsuite>
